#
# There is insufficient memory for the Java Runtime Environment to continue.
# Native memory allocation (malloc) failed to allocate 32784 bytes for Chunk::new
# Possible reasons:
#   The system is out of physical RAM or swap space
#   The process is running with CompressedOops enabled, and the Java Heap may be blocking the growth of the native heap
# Possible solutions:
#   Reduce memory load on the system
#   Increase physical memory or swap space
#   Check if swap backing store is full
#   Decrease Java heap size (-Xmx/-Xms)
#   Decrease number of Java threads
#   Decrease Java thread stack sizes (-Xss)
#   Set larger code cache with -XX:ReservedCodeCacheSize=
#   JVM is running with Zero Based Compressed Oops mode in which the Java heap is
#     placed in the first 32GB address space. The Java Heap base address is the
#     maximum limit for the native heap growth. Please use -XX:HeapBaseMinAddress
#     to set the Java Heap base and to place the Java Heap above 32GB virtual address.
# This output file may be truncated or incomplete.
#
#  Out of Memory Error (allocation.cpp:389), pid=24736, tid=0x000000000000643c
#
# JRE version: Java(TM) SE Runtime Environment (8.0_241-b07) (build 1.8.0_241-b07)
# Java VM: Java HotSpot(TM) 64-Bit Server VM (25.241-b07 mixed mode windows-amd64 compressed oops)
# Failed to write core dump. Minidumps are not enabled by default on client versions of Windows
#

---------------  T H R E A D  ---------------

Current thread (0x000000001e52e800):  JavaThread "C2 CompilerThread0" daemon [_thread_in_native, id=25660, stack(0x000000001ed00000,0x000000001ee00000)]

Stack: [0x000000001ed00000,0x000000001ee00000]
[error occurred during error reporting (printing stack bounds), id 0xc0000005]

Native frames: (J=compiled Java code, j=interpreted, Vv=VM code, C=native code)


Current CompileTask:
C2:  11134 1078       4       sun.net.www.ParseUtil::encodePath (336 bytes)


---------------  P R O C E S S  ---------------

Java Threads: ( => current thread )
  0x000000001f78a800 JavaThread "Abandoned connection cleanup thread" daemon [_thread_blocked, id=26076, stack(0x0000000021410000,0x0000000021510000)]
  0x000000001e5cf800 JavaThread "Service Thread" daemon [_thread_blocked, id=16656, stack(0x000000001f100000,0x000000001f200000)]
  0x000000001e545800 JavaThread "C1 CompilerThread3" daemon [_thread_blocked, id=28068, stack(0x000000001f000000,0x000000001f100000)]
  0x000000001e542800 JavaThread "C2 CompilerThread2" daemon [_thread_in_native, id=13780, stack(0x000000001ef00000,0x000000001f000000)]
  0x000000001e533800 JavaThread "C2 CompilerThread1" daemon [_thread_in_native, id=20984, stack(0x000000001ee00000,0x000000001ef00000)]
=>0x000000001e52e800 JavaThread "C2 CompilerThread0" daemon [_thread_in_native, id=25660, stack(0x000000001ed00000,0x000000001ee00000)]
  0x000000001e52b800 JavaThread "Attach Listener" daemon [_thread_blocked, id=8416, stack(0x000000001ec00000,0x000000001ed00000)]
  0x000000001e52a800 JavaThread "Signal Dispatcher" daemon [_thread_blocked, id=25424, stack(0x000000001eb00000,0x000000001ec00000)]
  0x000000001e520800 JavaThread "Finalizer" daemon [_thread_blocked, id=22048, stack(0x000000001e900000,0x000000001ea00000)]
  0x0000000002c59000 JavaThread "Reference Handler" daemon [_thread_blocked, id=20144, stack(0x000000001e400000,0x000000001e500000)]
  0x0000000002b62800 JavaThread "main" [_thread_in_Java, id=21488, stack(0x0000000002a60000,0x0000000002b60000)]

Other Threads:
  0x000000001c619800 VMThread [stack: 0x000000001e300000,0x000000001e400000] [id=2748]
  0x000000001e5e2000 WatcherThread [stack: 0x000000001f200000,0x000000001f300000] [id=29080]

VM state:not at safepoint (normal execution)

VM Mutex/Monitor currently owned by a thread: None

heap address: 0x00000006c2400000, size: 4060 MB, Compressed Oops mode: Zero based, Oop shift amount: 3
Narrow klass base: 0x0000000000000000, Narrow klass shift: 3
Compressed class space size: 1073741824 Address: 0x00000007c0000000

Heap:
 PSYoungGen      total 75776K, used 23933K [0x000000076b700000, 0x0000000770b80000, 0x00000007c0000000)
  eden space 65024K, 26% used [0x000000076b700000,0x000000076c820bb0,0x000000076f680000)
  from space 10752K, 59% used [0x000000076f680000,0x000000076fcbea90,0x0000000770100000)
  to   space 10752K, 0% used [0x0000000770100000,0x0000000770100000,0x0000000770b80000)
 ParOldGen       total 173568K, used 80K [0x00000006c2400000, 0x00000006ccd80000, 0x000000076b700000)
  object space 173568K, 0% used [0x00000006c2400000,0x00000006c2414010,0x00000006ccd80000)
 Metaspace       used 18802K, capacity 19030K, committed 19200K, reserved 1067008K
  class space    used 2454K, capacity 2527K, committed 2560K, reserved 1048576K

Card table byte_map: [0x0000000012020000,0x0000000012810000] byte_map_base: 0x000000000ea0e000

Marking Bits: (ParMarkBitMap*) 0x0000000077f7be30
 Begin Bits: [0x0000000013560000, 0x00000000174d0000)
 End Bits:   [0x00000000174d0000, 0x000000001b440000)

Polling page: 0x00000000007f0000

CodeCache: size=245760Kb used=3886Kb max_used=3886Kb free=241873Kb
 bounds [0x0000000002c60000, 0x0000000003030000, 0x0000000011c60000]
 total_blobs=1514 nmethods=1089 adapters=338
 compilation: enabled

Compilation events (10 events):
Event: 11.131 Thread 0x000000001e545800 nmethod 1085 0x00000000030256d0 code [0x0000000003025840, 0x0000000003025a68]
Event: 11.131 Thread 0x000000001e545800 1086       3       sun.security.util.DerInputStream::getDerValue (12 bytes)
Event: 11.131 Thread 0x000000001e545800 nmethod 1086 0x0000000003025b10 code [0x0000000003025c80, 0x0000000003025e68]
Event: 11.131 Thread 0x000000001e545800 1088       3       java.util.jar.Attributes::put (18 bytes)
Event: 11.131 Thread 0x000000001e545800 nmethod 1088 0x0000000003025f10 code [0x0000000003026080, 0x0000000003026468]
Event: 11.131 Thread 0x000000001e545800 1090       3       java.lang.StringBuffer::<init> (6 bytes)
Event: 11.131 Thread 0x000000001e545800 nmethod 1090 0x0000000003026590 code [0x0000000003026700, 0x00000000030269b0]
Event: 11.131 Thread 0x000000001e545800 1089       3       java.util.jar.Attributes::putValue (17 bytes)
Event: 11.132 Thread 0x000000001e545800 nmethod 1089 0x0000000003026ad0 code [0x0000000003026c60, 0x0000000003027078]
Event: 11.132 Thread 0x000000001e545800 1087       3       sun.security.util.DerValue::<init> (250 bytes)

GC Heap History (2 events):
Event: 10.494 GC heap before
{Heap before GC invocations=1 (full 0):
 PSYoungGen      total 75776K, used 65024K [0x000000076b700000, 0x0000000770b80000, 0x00000007c0000000)
  eden space 65024K, 100% used [0x000000076b700000,0x000000076f680000,0x000000076f680000)
  from space 10752K, 0% used [0x0000000770100000,0x0000000770100000,0x0000000770b80000)
  to   space 10752K, 0% used [0x000000076f680000,0x000000076f680000,0x0000000770100000)
 ParOldGen       total 173568K, used 0K [0x00000006c2400000, 0x00000006ccd80000, 0x000000076b700000)
  object space 173568K, 0% used [0x00000006c2400000,0x00000006c2400000,0x00000006ccd80000)
 Metaspace       used 13850K, capacity 14092K, committed 14336K, reserved 1060864K
  class space    used 1882K, capacity 1970K, committed 2048K, reserved 1048576K
Event: 10.498 GC heap after
Heap after GC invocations=1 (full 0):
 PSYoungGen      total 75776K, used 6394K [0x000000076b700000, 0x0000000770b80000, 0x00000007c0000000)
  eden space 65024K, 0% used [0x000000076b700000,0x000000076b700000,0x000000076f680000)
  from space 10752K, 59% used [0x000000076f680000,0x000000076fcbea90,0x0000000770100000)
  to   space 10752K, 0% used [0x0000000770100000,0x0000000770100000,0x0000000770b80000)
 ParOldGen       total 173568K, used 80K [0x00000006c2400000, 0x00000006ccd80000, 0x000000076b700000)
  object space 173568K, 0% used [0x00000006c2400000,0x00000006c2414010,0x00000006ccd80000)
 Metaspace       used 13850K, capacity 14092K, committed 14336K, reserved 1060864K
  class space    used 1882K, capacity 1970K, committed 2048K, reserved 1048576K
}

Deoptimization events (10 events):
Event: 10.427 Thread 0x0000000002b62800 Uncommon trap: reason=unstable_if action=reinterpret pc=0x0000000002f01e04 method=java.io.WinNTFileSystem.normalize(Ljava/lang/String;)Ljava/lang/String; @ 128
Event: 10.599 Thread 0x0000000002b62800 Uncommon trap: reason=unstable_if action=reinterpret pc=0x0000000002f00584 method=sun.nio.cs.UTF_8$Decoder.decode([BII[C)I @ 30
Event: 10.702 Thread 0x0000000002b62800 Uncommon trap: reason=predicate action=maybe_recompile pc=0x0000000002f03ff4 method=sun.net.www.ParseUtil.encodePath(Ljava/lang/String;Z)Ljava/lang/String; @ 36
Event: 10.746 Thread 0x0000000002b62800 Uncommon trap: reason=bimorphic action=maybe_recompile pc=0x0000000002fc0dd4 method=java.util.HashMap.putVal(ILjava/lang/Object;Ljava/lang/Object;ZZ)Ljava/lang/Object; @ 203
Event: 10.746 Thread 0x0000000002b62800 Uncommon trap: reason=bimorphic action=maybe_recompile pc=0x0000000002fc0dd4 method=java.util.HashMap.putVal(ILjava/lang/Object;Ljava/lang/Object;ZZ)Ljava/lang/Object; @ 203
Event: 10.746 Thread 0x0000000002b62800 Uncommon trap: reason=bimorphic action=maybe_recompile pc=0x0000000002fc0dd4 method=java.util.HashMap.putVal(ILjava/lang/Object;Ljava/lang/Object;ZZ)Ljava/lang/Object; @ 203
Event: 10.748 Thread 0x0000000002b62800 Uncommon trap: reason=bimorphic action=maybe_recompile pc=0x0000000002fc0dd4 method=java.util.HashMap.putVal(ILjava/lang/Object;Ljava/lang/Object;ZZ)Ljava/lang/Object; @ 203
Event: 10.762 Thread 0x0000000002b62800 Uncommon trap: reason=unstable_if action=reinterpret pc=0x0000000002f84394 method=java.lang.String.regionMatches(ZILjava/lang/String;II)Z @ 123
Event: 10.762 Thread 0x0000000002b62800 Uncommon trap: reason=unstable_if action=reinterpret pc=0x0000000002f74720 method=java.lang.String.regionMatches(ZILjava/lang/String;II)Z @ 123
Event: 10.765 Thread 0x0000000002b62800 Uncommon trap: reason=unstable_if action=reinterpret pc=0x0000000003005ae4 method=java.util.regex.Pattern$BmpCharProperty.match(Ljava/util/regex/Matcher;ILjava/lang/CharSequence;)Z @ 5

Classes redefined (0 events):
No events

Internal exceptions (10 events):
Event: 9.560 Thread 0x0000000002b62800 Exception <a 'java/security/PrivilegedActionException'> (0x000000076dbe5ff8) thrown at [C:\ade\jenkins\workspace\8-2-build-windows-amd64-cygwin\jdk8u241\331\hotspot\src\share\vm\prims\jvm.cpp, line 1502]
Event: 9.560 Thread 0x0000000002b62800 Exception <a 'java/security/PrivilegedActionException'> (0x000000076dbe63f0) thrown at [C:\ade\jenkins\workspace\8-2-build-windows-amd64-cygwin\jdk8u241\331\hotspot\src\share\vm\prims\jvm.cpp, line 1502]
Event: 9.560 Thread 0x0000000002b62800 Exception <a 'java/security/PrivilegedActionException'> (0x000000076dbe7998) thrown at [C:\ade\jenkins\workspace\8-2-build-windows-amd64-cygwin\jdk8u241\331\hotspot\src\share\vm\prims\jvm.cpp, line 1502]
Event: 9.560 Thread 0x0000000002b62800 Exception <a 'java/security/PrivilegedActionException'> (0x000000076dbe7d90) thrown at [C:\ade\jenkins\workspace\8-2-build-windows-amd64-cygwin\jdk8u241\331\hotspot\src\share\vm\prims\jvm.cpp, line 1502]
Event: 9.560 Thread 0x0000000002b62800 Exception <a 'java/security/PrivilegedActionException'> (0x000000076dbe9410) thrown at [C:\ade\jenkins\workspace\8-2-build-windows-amd64-cygwin\jdk8u241\331\hotspot\src\share\vm\prims\jvm.cpp, line 1502]
Event: 9.560 Thread 0x0000000002b62800 Exception <a 'java/security/PrivilegedActionException'> (0x000000076dbe9808) thrown at [C:\ade\jenkins\workspace\8-2-build-windows-amd64-cygwin\jdk8u241\331\hotspot\src\share\vm\prims\jvm.cpp, line 1502]
Event: 9.560 Thread 0x0000000002b62800 Exception <a 'java/security/PrivilegedActionException'> (0x000000076dbeaf78) thrown at [C:\ade\jenkins\workspace\8-2-build-windows-amd64-cygwin\jdk8u241\331\hotspot\src\share\vm\prims\jvm.cpp, line 1502]
Event: 9.560 Thread 0x0000000002b62800 Exception <a 'java/security/PrivilegedActionException'> (0x000000076dbeb370) thrown at [C:\ade\jenkins\workspace\8-2-build-windows-amd64-cygwin\jdk8u241\331\hotspot\src\share\vm\prims\jvm.cpp, line 1502]
Event: 9.723 Thread 0x0000000002b62800 Exception <a 'java/lang/NoSuchFieldError': method resolution failed> (0x000000076e1a0888) thrown at [C:\ade\jenkins\workspace\8-2-build-windows-amd64-cygwin\jdk8u241\331\hotspot\src\share\vm\prims\methodHandles.cpp, line 1167]
Event: 9.725 Thread 0x0000000002b62800 Exception <a 'java/lang/NoSuchFieldError': method resolution failed> (0x000000076e1adf78) thrown at [C:\ade\jenkins\workspace\8-2-build-windows-amd64-cygwin\jdk8u241\331\hotspot\src\share\vm\prims\methodHandles.cpp, line 1167]

Events (10 events):
Event: 11.129 loading class javax/crypto/JceSecurity$2
Event: 11.129 loading class javax/crypto/JceSecurity$2 done
Event: 11.129 loading class java/util/Collections$SynchronizedRandomAccessList
Event: 11.129 loading class java/util/Collections$SynchronizedList
Event: 11.129 loading class java/util/Collections$SynchronizedList done
Event: 11.129 loading class java/util/Collections$SynchronizedRandomAccessList done
Event: 11.129 loading class javax/crypto/JarVerifier$2
Event: 11.130 loading class javax/crypto/JarVerifier$2 done
Event: 11.130 loading class javax/crypto/JarVerifier$JarHolder
Event: 11.130 loading class javax/crypto/JarVerifier$JarHolder done


Dynamic libraries:
0x00007ff6e09e0000 - 0x00007ff6e0a17000 	C:\Program Files\Java\jre1.8.0_241\bin\javaw.exe
0x00007ff9c0020000 - 0x00007ff9c0210000 	C:\WINDOWS\SYSTEM32\ntdll.dll
0x00007ff9beb90000 - 0x00007ff9bec42000 	C:\WINDOWS\System32\KERNEL32.DLL
0x00007ff9bd4a0000 - 0x00007ff9bd743000 	C:\WINDOWS\System32\KERNELBASE.dll
0x00007ff9bec50000 - 0x00007ff9becf3000 	C:\WINDOWS\System32\ADVAPI32.dll
0x00007ff9be1e0000 - 0x00007ff9be27e000 	C:\WINDOWS\System32\msvcrt.dll
0x00007ff9be0d0000 - 0x00007ff9be167000 	C:\WINDOWS\System32\sechost.dll
0x00007ff9bf0a0000 - 0x00007ff9bf1c0000 	C:\WINDOWS\System32\RPCRT4.dll
0x00007ff9bf300000 - 0x00007ff9bf494000 	C:\WINDOWS\System32\USER32.dll
0x00007ff9bd050000 - 0x00007ff9bd071000 	C:\WINDOWS\System32\win32u.dll
0x00007ff9bffa0000 - 0x00007ff9bffc6000 	C:\WINDOWS\System32\GDI32.dll
0x00007ff9bd080000 - 0x00007ff9bd214000 	C:\WINDOWS\System32\gdi32full.dll
0x00007ff9bcfb0000 - 0x00007ff9bd04e000 	C:\WINDOWS\System32\msvcp_win.dll
0x00007ff9bded0000 - 0x00007ff9bdfca000 	C:\WINDOWS\System32\ucrtbase.dll
0x00007ff9abce0000 - 0x00007ff9abf65000 	C:\WINDOWS\WinSxS\amd64_microsoft.windows.common-controls_6595b64144ccf1df_6.0.18362.720_none_e6beb5c51314836b\COMCTL32.dll
0x00007ff9bed60000 - 0x00007ff9bf096000 	C:\WINDOWS\System32\combase.dll
0x00007ff9bd220000 - 0x00007ff9bd2a0000 	C:\WINDOWS\System32\bcryptPrimitives.dll
0x00007ff9be410000 - 0x00007ff9be43e000 	C:\WINDOWS\System32\IMM32.DLL
0x00000000774b0000 - 0x0000000077582000 	C:\Program Files\Java\jre1.8.0_241\bin\msvcr100.dll
0x0000000077750000 - 0x0000000077ffc000 	C:\Program Files\Java\jre1.8.0_241\bin\server\jvm.dll
0x00007ff9bff90000 - 0x00007ff9bff98000 	C:\WINDOWS\System32\PSAPI.DLL
0x00007ff9ba950000 - 0x00007ff9ba974000 	C:\WINDOWS\SYSTEM32\WINMM.dll
0x00007ff9a3720000 - 0x00007ff9a3729000 	C:\WINDOWS\SYSTEM32\WSOCK32.dll
0x00007ff9b6d70000 - 0x00007ff9b6d7a000 	C:\WINDOWS\SYSTEM32\VERSION.dll
0x00007ff9bf1c0000 - 0x00007ff9bf22f000 	C:\WINDOWS\System32\WS2_32.dll
0x00007ff9ba8f0000 - 0x00007ff9ba91d000 	C:\WINDOWS\SYSTEM32\winmmbase.dll
0x00007ff9bdfd0000 - 0x00007ff9be01a000 	C:\WINDOWS\System32\cfgmgr32.dll
0x00007ff9a3450000 - 0x00007ff9a345f000 	C:\Program Files\Java\jre1.8.0_241\bin\verify.dll
0x00007ff974b60000 - 0x00007ff974b89000 	C:\Program Files\Java\jre1.8.0_241\bin\java.dll
0x00007ff974b10000 - 0x00007ff974b26000 	C:\Program Files\Java\jre1.8.0_241\bin\zip.dll
0x00007ff9bf8a0000 - 0x00007ff9bff85000 	C:\WINDOWS\System32\SHELL32.dll
0x00007ff9be280000 - 0x00007ff9be329000 	C:\WINDOWS\System32\shcore.dll
0x00007ff9bd750000 - 0x00007ff9bded0000 	C:\WINDOWS\System32\windows.storage.dll
0x00007ff9bcf80000 - 0x00007ff9bcfa3000 	C:\WINDOWS\System32\profapi.dll
0x00007ff9bcf10000 - 0x00007ff9bcf5a000 	C:\WINDOWS\System32\powrprof.dll
0x00007ff9bcee0000 - 0x00007ff9bcef0000 	C:\WINDOWS\System32\UMPDC.dll
0x00007ff9bf550000 - 0x00007ff9bf5a2000 	C:\WINDOWS\System32\shlwapi.dll
0x00007ff9bcef0000 - 0x00007ff9bcf01000 	C:\WINDOWS\System32\kernel.appcore.dll
0x00007ff9bd480000 - 0x00007ff9bd497000 	C:\WINDOWS\System32\cryptsp.dll
0x00007ff9bc280000 - 0x00007ff9bc2b3000 	C:\WINDOWS\system32\rsaenh.dll
0x00007ff9bd300000 - 0x00007ff9bd326000 	C:\WINDOWS\System32\bcrypt.dll
0x00007ff9bce00000 - 0x00007ff9bce25000 	C:\WINDOWS\SYSTEM32\USERENV.dll
0x00007ff9bc880000 - 0x00007ff9bc88c000 	C:\WINDOWS\SYSTEM32\CRYPTBASE.dll
0x00007ff97add0000 - 0x00007ff97adea000 	C:\Program Files\Java\jre1.8.0_241\bin\net.dll
0x00007ff9bc700000 - 0x00007ff9bc767000 	C:\WINDOWS\system32\mswsock.dll
0x00007ff9bc420000 - 0x00007ff9bc45a000 	C:\WINDOWS\SYSTEM32\IPHLPAPI.DLL
0x00007ff9bffd0000 - 0x00007ff9bffd8000 	C:\WINDOWS\System32\NSI.dll
0x00007ff9b1e50000 - 0x00007ff9b1e66000 	C:\WINDOWS\SYSTEM32\dhcpcsvc6.DLL
0x00007ff9afec0000 - 0x00007ff9afedc000 	C:\WINDOWS\SYSTEM32\dhcpcsvc.DLL
0x00007ff9bc460000 - 0x00007ff9bc52a000 	C:\WINDOWS\SYSTEM32\DNSAPI.dll
0x00007ff966470000 - 0x00007ff966482000 	C:\Program Files\Java\jre1.8.0_241\bin\nio.dll
0x00007ff9b4a40000 - 0x00007ff9b4a4a000 	C:\Windows\System32\rasadhlp.dll
0x00007ff9aed00000 - 0x00007ff9aed77000 	C:\WINDOWS\System32\fwpuclnt.dll
0x00007ff9b6c70000 - 0x00007ff9b6c94000 	C:\Program Files\Java\jre1.8.0_241\bin\sunec.dll

VM Arguments:
jvm_args: -Dfile.encoding=UTF-8 
java_command: com.capgemini.librarymanagementsystemhibernate.controller.Test2
java_class_path (initial): C:\Users\srika\projects\librarymanagementsystemhibernate\target\classes;C:\Users\srika\.m2\repository\org\hibernate\hibernate-entitymanager\5.4.2.Final\hibernate-entitymanager-5.4.2.Final.jar;C:\Users\srika\.m2\repository\org\jboss\logging\jboss-logging\3.3.2.Final\jboss-logging-3.3.2.Final.jar;C:\Users\srika\.m2\repository\org\dom4j\dom4j\2.1.1\dom4j-2.1.1.jar;C:\Users\srika\.m2\repository\org\hibernate\common\hibernate-commons-annotations\5.1.0.Final\hibernate-commons-annotations-5.1.0.Final.jar;C:\Users\srika\.m2\repository\javax\persistence\javax.persistence-api\2.2\javax.persistence-api-2.2.jar;C:\Users\srika\.m2\repository\net\bytebuddy\byte-buddy\1.9.10\byte-buddy-1.9.10.jar;C:\Users\srika\.m2\repository\org\jboss\spec\javax\transaction\jboss-transaction-api_1.2_spec\1.1.1.Final\jboss-transaction-api_1.2_spec-1.1.1.Final.jar;C:\Users\srika\.m2\repository\org\hibernate\hibernate-core\5.4.2.Final\hibernate-core-5.4.2.Final.jar;C:\Users\srika\.m2\repository\org\javassist\javassist\3.24.0-GA\javassist-3.24.0-GA.jar;C:\Users\srika\.m2\repository\antlr\antlr\2.7.7\antlr-2.7.7.jar;C:\Users\srika\.m2\repository\org\jboss\jandex\2.0.5.Final\jandex-2.0.5.Final.jar;C:\Users\srika\.m2\repository\com\fasterxml\classmate\1.3.4\classmate-1.3.4.jar;C:\Users\srika\.m2\repository\javax\activation\javax.activation-api\1.2.0\javax.activation-api-1.2.0.jar;C:\Users\srika\.m2\repository\javax\xml\bind\jaxb-api\2.3.1\jaxb-api-2.3.1.jar;C:\Users\srika\.m2\repository\org\glassfish\jaxb\jaxb-runtime\2.3.1\jaxb-runtime-2.3.1.jar;C:\Users\srika\.m2\repository\org\glassfish\jaxb\txw2\2.3.1\txw2-2.3.1.jar;C:\Users\srika\.m2\repository\com\sun\istack\istack-commons-runtime\3.0.7\istack-commons-runtime-3.0.7.jar;C:\Users\srika\.m2\repository\org\jvnet\staxex\stax-ex\1.8\stax-ex-1.8.jar;C:\Users\srika\.m2\repository\com\sun\xml\fastinfoset\FastInfoset\1.2.15\FastInfoset-1.2.15.jar;C:\Users\srika\.m2\repository\mysql\mysql-connector-java\5.1.38\mysql-connector-jav
Launcher Type: SUN_STANDARD

Environment Variables:
PATH=C:/Program Files/Java/jre1.8.0_241/bin/server;C:/Program Files/Java/jre1.8.0_241/bin;C:/Program Files/Java/jre1.8.0_241/lib/amd64;C:\ProgramData\DockerDesktop\version-bin;C:\Program Files\Docker\Docker\Resources\bin;C:\Program Files (x86)\Intel\Intel(R) Management Engine Components\iCLS\;C:\Program Files\Intel\Intel(R) Management Engine Components\iCLS\;C:\Windows\system32;C:\Windows;C:\Windows\System32\Wbem;C:\Windows\System32\WindowsPowerShell\v1.0\;C:\Windows\System32\OpenSSH\;C:\Program Files (x86)\Intel\Intel(R) Management Engine Components\DAL;C:\Program Files\Intel\Intel(R) Management Engine Components\DAL;C:\Program Files (x86)\Intel\Intel(R) Management Engine Components\IPT;C:\Program Files\Intel\Intel(R) Management Engine Components\IPT;C:\Program Files\Intel\WiFi\bin\;C:\Program Files\Common Files\Intel\WirelessCommon\;C:\Program Files (x86)\NVIDIA Corporation\PhysX\Common;C:\Program Files\NVIDIA Corporation\NVIDIA NvDLISR;C:\Program Files\Calibre2\;C:\Program Files\Git\cmd;C:\Go\bin;C:\WINDOWS\system32;C:\WINDOWS;C:\WINDOWS\System32\Wbem;C:\WINDOWS\System32\WindowsPowerShell\v1.0\;C:\WINDOWS\System32\OpenSSH\;C:\Program Files (x86)\Plantronics\Spokes3G\;C:\Program Files\Java\jdk1.8.0_241\bin;C:\Program Files\nodejs\;C:\Users\srika\AppData\Local\Microsoft\WindowsApps;C:\Users\srika\AppData\Local\GitHubDesktop\bin;C:\Users\srika\go\bin;C:\Users\srika\AppData\Local\Microsoft\WindowsApps;;C:\Users\srika\AppData\Local\Programs\Microsoft VS Code\bin;C:\Users\srika\AppData\Local\Programs\Fiddler;C:\Users\srika\AppData\Roaming\npm;C:\Users\srika\OneDrive\Desktop;
USERNAME=srika
OS=Windows_NT
PROCESSOR_IDENTIFIER=Intel64 Family 6 Model 158 Stepping 10, GenuineIntel



---------------  S Y S T E M  ---------------

OS: Windows 10.0 , 64 bit Build 18362 (10.0.18362.329)

CPU:total 8 (initial active 8) (4 cores per cpu, 2 threads per core) family 6 model 158 stepping 10, cmov, cx8, fxsr, mmx, sse, sse2, sse3, ssse3, sse4.1, sse4.2, popcnt, avx, avx2, aes, clmul, erms, 3dnowpref, lzcnt, ht, tsc, tscinvbit, bmi1, bmi2, adx

Memory: 4k page, physical 16629188k(6570924k free), swap 32120556k(2960k free)

vm_info: Java HotSpot(TM) 64-Bit Server VM (25.241-b07) for windows-amd64 JRE (1.8.0_241-b07), built on Dec 11 2019 10:21:40 by "rejava" with MS VC++ 10.0 (VS2010)

time: Thu Mar 26 17:02:47 2020
timezone: India Standard Time
elapsed time: 11 seconds (0d 0h 0m 11s)

