#
# There is insufficient memory for the Java Runtime Environment to continue.
# Native memory allocation (malloc) failed to allocate 1048576 bytes for AllocateHeap
# Possible reasons:
#   The system is out of physical RAM or swap space
#   The process is running with CompressedOops enabled, and the Java Heap may be blocking the growth of the native heap
# Possible solutions:
#   Reduce memory load on the system
#   Increase physical memory or swap space
#   Check if swap backing store is full
#   Decrease Java heap size (-Xmx/-Xms)
#   Decrease number of Java threads
#   Decrease Java thread stack sizes (-Xss)
#   Set larger code cache with -XX:ReservedCodeCacheSize=
#   JVM is running with Zero Based Compressed Oops mode in which the Java heap is
#     placed in the first 32GB address space. The Java Heap base address is the
#     maximum limit for the native heap growth. Please use -XX:HeapBaseMinAddress
#     to set the Java Heap base and to place the Java Heap above 32GB virtual address.
# This output file may be truncated or incomplete.
#
#  Out of Memory Error (memory/allocation.inline.hpp:61), pid=5736, tid=0x0000000000007228
#
# JRE version:  (8.0_241-b07) (build )
# Java VM: Java HotSpot(TM) 64-Bit Server VM (25.241-b07 mixed mode windows-amd64 compressed oops)
# Failed to write core dump. Minidumps are not enabled by default on client versions of Windows
#

---------------  T H R E A D  ---------------

Current thread (0x00000000030e2800):  JavaThread "Unknown thread" [_thread_in_vm, id=29224, stack(0x0000000002f50000,0x0000000003050000)]

Stack: [0x0000000002f50000,0x0000000003050000]
[error occurred during error reporting (printing stack bounds), id 0xc0000005]

Native frames: (J=compiled Java code, j=interpreted, Vv=VM code, C=native code)


---------------  P R O C E S S  ---------------

Java Threads: ( => current thread )

Other Threads:

=>0x00000000030e2800 (exited) JavaThread "Unknown thread" [_thread_in_vm, id=29224, stack(0x0000000002f50000,0x0000000003050000)]

VM state:not at safepoint (normal execution)

VM Mutex/Monitor currently owned by a thread: None

heap address: 0x00000006c2400000, size: 4060 MB, Compressed Oops mode: Zero based, Oop shift amount: 3
Narrow klass base: 0x0000000000000000, Narrow klass shift: 3
Compressed class space size: 1073741824 Address: 0x00000007c0000000

Heap:
 PSYoungGen      total 75776K, used 1300K [0x000000076b700000, 0x0000000770b80000, 0x00000007c0000000)
  eden space 65024K, 2% used [0x000000076b700000,0x000000076b8451f8,0x000000076f680000)
  from space 10752K, 0% used [0x0000000770100000,0x0000000770100000,0x0000000770b80000)
  to   space 10752K, 0% used [0x000000076f680000,0x000000076f680000,0x0000000770100000)
 ParOldGen       total 173568K, used 0K [0x00000006c2400000, 0x00000006ccd80000, 0x000000076b700000)
  object space 173568K, 0% used [0x00000006c2400000,0x00000006c2400000,0x00000006ccd80000)
 Metaspace       used 752K, capacity 4480K, committed 4480K, reserved 1056768K
  class space    used 76K, capacity 384K, committed 384K, reserved 1048576K

Card table byte_map: [0x00000000125a0000,0x0000000012d90000] byte_map_base: 0x000000000ef8e000

Marking Bits: (ParMarkBitMap*) 0x0000000077f7be30
 Begin Bits: [0x0000000013ae0000, 0x0000000017a50000)
 End Bits:   [0x0000000017a50000, 0x000000001b9c0000)

Polling page: 0x0000000001220000

CodeCache: size=245760Kb used=328Kb max_used=328Kb free=245431Kb
 bounds [0x00000000031e0000, 0x0000000003450000, 0x00000000121e0000]
 total_blobs=58 nmethods=0 adapters=38
 compilation: enabled

Compilation events (0 events):
No events

GC Heap History (0 events):
No events

Deoptimization events (0 events):
No events

Classes redefined (0 events):
No events

Internal exceptions (0 events):
No events

Events (10 events):
Event: 0.024 loading class java/lang/Short
Event: 0.024 loading class java/lang/Short done
Event: 0.024 loading class java/lang/Integer
Event: 0.024 loading class java/lang/Integer done
Event: 0.024 loading class java/lang/Long
Event: 0.024 loading class java/lang/Long done
Event: 0.025 loading class java/lang/NullPointerException
Event: 0.025 loading class java/lang/NullPointerException done
Event: 0.025 loading class java/lang/ArithmeticException
Event: 0.025 loading class java/lang/ArithmeticException done


Dynamic libraries:
0x00007ff6e09e0000 - 0x00007ff6e0a17000 	C:\Program Files\Java\jre1.8.0_241\bin\javaw.exe
0x00007ff9c0020000 - 0x00007ff9c0210000 	C:\WINDOWS\SYSTEM32\ntdll.dll
0x00007ff9beb90000 - 0x00007ff9bec42000 	C:\WINDOWS\System32\KERNEL32.DLL
0x00007ff9bd4a0000 - 0x00007ff9bd743000 	C:\WINDOWS\System32\KERNELBASE.dll
0x00007ff9bec50000 - 0x00007ff9becf3000 	C:\WINDOWS\System32\ADVAPI32.dll
0x00007ff9be1e0000 - 0x00007ff9be27e000 	C:\WINDOWS\System32\msvcrt.dll
0x00007ff9be0d0000 - 0x00007ff9be167000 	C:\WINDOWS\System32\sechost.dll
0x00007ff9bf0a0000 - 0x00007ff9bf1c0000 	C:\WINDOWS\System32\RPCRT4.dll
0x00007ff9bf300000 - 0x00007ff9bf494000 	C:\WINDOWS\System32\USER32.dll
0x00007ff9bd050000 - 0x00007ff9bd071000 	C:\WINDOWS\System32\win32u.dll
0x00007ff9bffa0000 - 0x00007ff9bffc6000 	C:\WINDOWS\System32\GDI32.dll
0x00007ff9bd080000 - 0x00007ff9bd214000 	C:\WINDOWS\System32\gdi32full.dll
0x00007ff9bcfb0000 - 0x00007ff9bd04e000 	C:\WINDOWS\System32\msvcp_win.dll
0x00007ff9bded0000 - 0x00007ff9bdfca000 	C:\WINDOWS\System32\ucrtbase.dll
0x00007ff9abce0000 - 0x00007ff9abf65000 	C:\WINDOWS\WinSxS\amd64_microsoft.windows.common-controls_6595b64144ccf1df_6.0.18362.720_none_e6beb5c51314836b\COMCTL32.dll
0x00007ff9bed60000 - 0x00007ff9bf096000 	C:\WINDOWS\System32\combase.dll
0x00007ff9bd220000 - 0x00007ff9bd2a0000 	C:\WINDOWS\System32\bcryptPrimitives.dll
0x00007ff9be410000 - 0x00007ff9be43e000 	C:\WINDOWS\System32\IMM32.DLL
0x0000000050020000 - 0x00000000500f2000 	C:\Program Files\Java\jre1.8.0_241\bin\msvcr100.dll
0x0000000077750000 - 0x0000000077ffc000 	C:\Program Files\Java\jre1.8.0_241\bin\server\jvm.dll
0x00007ff9bff90000 - 0x00007ff9bff98000 	C:\WINDOWS\System32\PSAPI.DLL
0x00007ff9ba950000 - 0x00007ff9ba974000 	C:\WINDOWS\SYSTEM32\WINMM.dll
0x00007ff9b6d70000 - 0x00007ff9b6d7a000 	C:\WINDOWS\SYSTEM32\VERSION.dll
0x00007ff9a3720000 - 0x00007ff9a3729000 	C:\WINDOWS\SYSTEM32\WSOCK32.dll
0x00007ff9bf1c0000 - 0x00007ff9bf22f000 	C:\WINDOWS\System32\WS2_32.dll
0x00007ff9ba8f0000 - 0x00007ff9ba91d000 	C:\WINDOWS\SYSTEM32\WINMMBASE.dll
0x00007ff9bdfd0000 - 0x00007ff9be01a000 	C:\WINDOWS\System32\cfgmgr32.dll
0x00007ff9a3450000 - 0x00007ff9a345f000 	C:\Program Files\Java\jre1.8.0_241\bin\verify.dll
0x00007ff974b60000 - 0x00007ff974b89000 	C:\Program Files\Java\jre1.8.0_241\bin\java.dll
0x00007ff974b10000 - 0x00007ff974b26000 	C:\Program Files\Java\jre1.8.0_241\bin\zip.dll

VM Arguments:
jvm_args: -Dfile.encoding=UTF-8 
java_command: com.capgemini.librarymanagementsystemhibernate.controller.Test2
java_class_path (initial): C:\Users\srika\projects\librarymanagementsystemhibernate\target\classes;C:\Users\srika\.m2\repository\org\hibernate\hibernate-entitymanager\5.4.2.Final\hibernate-entitymanager-5.4.2.Final.jar;C:\Users\srika\.m2\repository\org\jboss\logging\jboss-logging\3.3.2.Final\jboss-logging-3.3.2.Final.jar;C:\Users\srika\.m2\repository\org\dom4j\dom4j\2.1.1\dom4j-2.1.1.jar;C:\Users\srika\.m2\repository\org\hibernate\common\hibernate-commons-annotations\5.1.0.Final\hibernate-commons-annotations-5.1.0.Final.jar;C:\Users\srika\.m2\repository\javax\persistence\javax.persistence-api\2.2\javax.persistence-api-2.2.jar;C:\Users\srika\.m2\repository\net\bytebuddy\byte-buddy\1.9.10\byte-buddy-1.9.10.jar;C:\Users\srika\.m2\repository\org\jboss\spec\javax\transaction\jboss-transaction-api_1.2_spec\1.1.1.Final\jboss-transaction-api_1.2_spec-1.1.1.Final.jar;C:\Users\srika\.m2\repository\org\hibernate\hibernate-core\5.4.2.Final\hibernate-core-5.4.2.Final.jar;C:\Users\srika\.m2\repository\org\javassist\javassist\3.24.0-GA\javassist-3.24.0-GA.jar;C:\Users\srika\.m2\repository\antlr\antlr\2.7.7\antlr-2.7.7.jar;C:\Users\srika\.m2\repository\org\jboss\jandex\2.0.5.Final\jandex-2.0.5.Final.jar;C:\Users\srika\.m2\repository\com\fasterxml\classmate\1.3.4\classmate-1.3.4.jar;C:\Users\srika\.m2\repository\javax\activation\javax.activation-api\1.2.0\javax.activation-api-1.2.0.jar;C:\Users\srika\.m2\repository\javax\xml\bind\jaxb-api\2.3.1\jaxb-api-2.3.1.jar;C:\Users\srika\.m2\repository\org\glassfish\jaxb\jaxb-runtime\2.3.1\jaxb-runtime-2.3.1.jar;C:\Users\srika\.m2\repository\org\glassfish\jaxb\txw2\2.3.1\txw2-2.3.1.jar;C:\Users\srika\.m2\repository\com\sun\istack\istack-commons-runtime\3.0.7\istack-commons-runtime-3.0.7.jar;C:\Users\srika\.m2\repository\org\jvnet\staxex\stax-ex\1.8\stax-ex-1.8.jar;C:\Users\srika\.m2\repository\com\sun\xml\fastinfoset\FastInfoset\1.2.15\FastInfoset-1.2.15.jar;C:\Users\srika\.m2\repository\mysql\mysql-connector-java\5.1.38\mysql-connector-jav
Launcher Type: SUN_STANDARD

Environment Variables:
PATH=C:/Program Files/Java/jre1.8.0_241/bin/server;C:/Program Files/Java/jre1.8.0_241/bin;C:/Program Files/Java/jre1.8.0_241/lib/amd64;C:\ProgramData\DockerDesktop\version-bin;C:\Program Files\Docker\Docker\Resources\bin;C:\Program Files (x86)\Intel\Intel(R) Management Engine Components\iCLS\;C:\Program Files\Intel\Intel(R) Management Engine Components\iCLS\;C:\Windows\system32;C:\Windows;C:\Windows\System32\Wbem;C:\Windows\System32\WindowsPowerShell\v1.0\;C:\Windows\System32\OpenSSH\;C:\Program Files (x86)\Intel\Intel(R) Management Engine Components\DAL;C:\Program Files\Intel\Intel(R) Management Engine Components\DAL;C:\Program Files (x86)\Intel\Intel(R) Management Engine Components\IPT;C:\Program Files\Intel\Intel(R) Management Engine Components\IPT;C:\Program Files\Intel\WiFi\bin\;C:\Program Files\Common Files\Intel\WirelessCommon\;C:\Program Files (x86)\NVIDIA Corporation\PhysX\Common;C:\Program Files\NVIDIA Corporation\NVIDIA NvDLISR;C:\Program Files\Calibre2\;C:\Program Files\Git\cmd;C:\Go\bin;C:\WINDOWS\system32;C:\WINDOWS;C:\WINDOWS\System32\Wbem;C:\WINDOWS\System32\WindowsPowerShell\v1.0\;C:\WINDOWS\System32\OpenSSH\;C:\Program Files (x86)\Plantronics\Spokes3G\;C:\Program Files\Java\jdk1.8.0_241\bin;C:\Program Files\nodejs\;C:\Users\srika\AppData\Local\Microsoft\WindowsApps;C:\Users\srika\AppData\Local\GitHubDesktop\bin;C:\Users\srika\go\bin;C:\Users\srika\AppData\Local\Microsoft\WindowsApps;;C:\Users\srika\AppData\Local\Programs\Microsoft VS Code\bin;C:\Users\srika\AppData\Local\Programs\Fiddler;C:\Users\srika\AppData\Roaming\npm;C:\Users\srika\OneDrive\Desktop;
USERNAME=srika
OS=Windows_NT
PROCESSOR_IDENTIFIER=Intel64 Family 6 Model 158 Stepping 10, GenuineIntel



---------------  S Y S T E M  ---------------

OS: Windows 10.0 , 64 bit Build 18362 (10.0.18362.329)

CPU:total 8 (initial active 8) (4 cores per cpu, 2 threads per core) family 6 model 158 stepping 10, cmov, cx8, fxsr, mmx, sse, sse2, sse3, ssse3, sse4.1, sse4.2, popcnt, avx, avx2, aes, clmul, erms, 3dnowpref, lzcnt, ht, tsc, tscinvbit, bmi1, bmi2, adx

Memory: 4k page, physical 16629188k(4061488k free), swap 32120556k(5572k free)

vm_info: Java HotSpot(TM) 64-Bit Server VM (25.241-b07) for windows-amd64 JRE (1.8.0_241-b07), built on Dec 11 2019 10:21:40 by "rejava" with MS VC++ 10.0 (VS2010)

time: Sun Mar 29 11:50:46 2020
timezone: India Standard Time
elapsed time: 0 seconds (0d 0h 0m 0s)

